::1 - - [03/Nov/2017:15:47:41 +0300] "GET / HTTP/1.1" 200 21158
::1 - - [03/Nov/2017:15:47:42 +0300] "GET /css/app.min.css HTTP/1.1" 200 135274
::1 - - [03/Nov/2017:15:47:42 +0300] "GET /img/logo.png HTTP/1.1" 200 4191
::1 - - [03/Nov/2017:15:47:42 +0300] "GET /js/vendor/jquery.2.1.4.min.js HTTP/1.1" 200 84384
::1 - - [03/Nov/2017:15:47:42 +0300] "GET /js/vendor/collapse.min.js HTTP/1.1" 200 3407
::1 - - [03/Nov/2017:15:47:42 +0300] "GET /js/vendor/dropdown.min.js HTTP/1.1" 200 2345
::1 - - [03/Nov/2017:15:47:42 +0300] "GET /js/vendor/pushy.min.js HTTP/1.1" 200 1167
::1 - - [03/Nov/2017:15:47:42 +0300] "GET /js/vendor/transition.min.js HTTP/1.1" 200 756
::1 - - [03/Nov/2017:15:47:42 +0300] "GET /js/vendor/jquery.magnific-popup.min.js HTTP/1.1" 200 20991
::1 - - [03/Nov/2017:15:47:42 +0300] "GET /js/vendor/owl.carousel.min.js HTTP/1.1" 200 40402
::1 - - [03/Nov/2017:15:47:42 +0300] "GET /js/main.js HTTP/1.1" 200 2105
::1 - - [03/Nov/2017:15:47:42 +0300] "GET /img/im-logo.png HTTP/1.1" 200 5503
::1 - - [03/Nov/2017:15:47:42 +0300] "GET /img/pattern.jpg HTTP/1.1" 200 11132
::1 - - [03/Nov/2017:15:47:42 +0300] "GET /fonts/Lora-BoldItalic.woff HTTP/1.1" 200 73724
::1 - - [03/Nov/2017:15:47:42 +0300] "GET /fonts/Lora-Italic.woff HTTP/1.1" 200 76648
::1 - - [03/Nov/2017:15:47:42 +0300] "GET /img/sprite.png HTTP/1.1" 200 8882
::1 - - [03/Nov/2017:15:47:42 +0300] "GET /fonts/fontello.woff HTTP/1.1" 200 4804
::1 - - [03/Nov/2017:15:47:44 +0300] "GET /favicon.ico HTTP/1.1" 200 1150
::1 - - [03/Nov/2017:15:48:21 +0300] "GET /main.html HTTP/1.1" 200 42900
::1 - - [03/Nov/2017:15:48:21 +0300] "GET /img/sl-1.jpg HTTP/1.1" 200 118950
::1 - - [03/Nov/2017:15:48:21 +0300] "GET /img/cat-2.jpg HTTP/1.1" 200 24818
::1 - - [03/Nov/2017:15:48:21 +0300] "GET /img/raiting.png HTTP/1.1" 200 1355
::1 - - [03/Nov/2017:15:48:21 +0300] "GET /img/cat-5.jpg HTTP/1.1" 200 18797
::1 - - [03/Nov/2017:15:48:21 +0300] "GET /img/cat-3.jpg HTTP/1.1" 200 16604
::1 - - [03/Nov/2017:15:48:21 +0300] "GET /img/about.jpg HTTP/1.1" 200 39666
::1 - - [03/Nov/2017:15:48:21 +0300] "GET /img/card_preview.jpg HTTP/1.1" 200 29965
::1 - - [03/Nov/2017:15:48:21 +0300] "GET /img/main_lab-1.png HTTP/1.1" 200 2632
::1 - - [03/Nov/2017:15:48:21 +0300] "GET /img/main_lab-3.png HTTP/1.1" 200 3481
::1 - - [03/Nov/2017:15:48:21 +0300] "GET /img/main_lab-2.png HTTP/1.1" 200 3164
::1 - - [03/Nov/2017:15:48:21 +0300] "GET /img/sprite_labels.png HTTP/1.1" 200 5636
::1 - - [03/Nov/2017:15:48:21 +0300] "GET /img/bprder_about.png HTTP/1.1" 200 1096
::1 - - [03/Nov/2017:15:49:21 +0300] "-" 408 -
::1 - - [03/Nov/2017:15:49:21 +0300] "-" 408 -
::1 - - [03/Nov/2017:15:49:21 +0300] "-" 408 -
